  hallway.cpp
C:\Users\Jujka\Documents\Runtimers\10grade-christmas-luck-runtimers\app\Runtimers\hallway.cpp(15,57): warning C4838: conversion from 'int' to 'float' requires a narrowing conversion
C:\Users\Jujka\Documents\Runtimers\10grade-christmas-luck-runtimers\app\Runtimers\hallway.cpp(15,57): warning C4244: 'initializing': conversion from 'int' to 'float', possible loss of data
C:\Users\Jujka\Documents\Runtimers\10grade-christmas-luck-runtimers\app\Runtimers\hallway.cpp(15,86): warning C4838: conversion from 'int' to 'float' requires a narrowing conversion
C:\Users\Jujka\Documents\Runtimers\10grade-christmas-luck-runtimers\app\Runtimers\hallway.cpp(15,86): warning C4244: 'initializing': conversion from 'int' to 'float', possible loss of data
C:\Users\Jujka\Documents\Runtimers\10grade-christmas-luck-runtimers\app\Runtimers\hallway.cpp(16,56): warning C4838: conversion from 'int' to 'float' requires a narrowing conversion
C:\Users\Jujka\Documents\Runtimers\10grade-christmas-luck-runtimers\app\Runtimers\hallway.cpp(16,56): warning C4244: 'initializing': conversion from 'int' to 'float', possible loss of data
C:\Users\Jujka\Documents\Runtimers\10grade-christmas-luck-runtimers\app\Runtimers\hallway.cpp(16,85): warning C4838: conversion from 'int' to 'float' requires a narrowing conversion
C:\Users\Jujka\Documents\Runtimers\10grade-christmas-luck-runtimers\app\Runtimers\hallway.cpp(16,85): warning C4244: 'initializing': conversion from 'int' to 'float', possible loss of data
C:\Users\Jujka\Documents\Runtimers\10grade-christmas-luck-runtimers\app\Runtimers\hallway.cpp(17,60): warning C4838: conversion from 'int' to 'float' requires a narrowing conversion
C:\Users\Jujka\Documents\Runtimers\10grade-christmas-luck-runtimers\app\Runtimers\hallway.cpp(17,60): warning C4244: 'initializing': conversion from 'int' to 'float', possible loss of data
C:\Users\Jujka\Documents\Runtimers\10grade-christmas-luck-runtimers\app\Runtimers\hallway.cpp(17,89): warning C4838: conversion from 'int' to 'float' requires a narrowing conversion
C:\Users\Jujka\Documents\Runtimers\10grade-christmas-luck-runtimers\app\Runtimers\hallway.cpp(17,89): warning C4244: 'initializing': conversion from 'int' to 'float', possible loss of data
C:\Users\Jujka\Documents\Runtimers\10grade-christmas-luck-runtimers\app\Runtimers\hallway.cpp(41,72): warning C4244: 'argument': conversion from 'float' to 'int', possible loss of data
C:\Users\Jujka\Documents\Runtimers\10grade-christmas-luck-runtimers\app\Runtimers\hallway.cpp(41,45): warning C4244: 'argument': conversion from 'float' to 'int', possible loss of data
C:\Users\Jujka\Documents\Runtimers\10grade-christmas-luck-runtimers\app\Runtimers\hallway.cpp(48,81): warning C4244: 'argument': conversion from 'float' to 'int', possible loss of data
C:\Users\Jujka\Documents\Runtimers\10grade-christmas-luck-runtimers\app\Runtimers\hallway.cpp(48,50): warning C4244: 'argument': conversion from 'float' to 'int', possible loss of data
C:\Users\Jujka\Documents\Runtimers\10grade-christmas-luck-runtimers\app\Runtimers\hallway.cpp(55,75): warning C4244: 'argument': conversion from 'float' to 'int', possible loss of data
C:\Users\Jujka\Documents\Runtimers\10grade-christmas-luck-runtimers\app\Runtimers\hallway.cpp(55,47): warning C4244: 'argument': conversion from 'float' to 'int', possible loss of data
  inventory.cpp
C:\Users\Jujka\Documents\Runtimers\10grade-christmas-luck-runtimers\app\Runtimers\inventory.cpp(51,57): warning C4838: conversion from 'int' to 'float' requires a narrowing conversion
C:\Users\Jujka\Documents\Runtimers\10grade-christmas-luck-runtimers\app\Runtimers\inventory.cpp(51,57): warning C4244: 'initializing': conversion from 'int' to 'float', possible loss of data
C:\Users\Jujka\Documents\Runtimers\10grade-christmas-luck-runtimers\app\Runtimers\inventory.cpp(51,86): warning C4838: conversion from 'int' to 'float' requires a narrowing conversion
C:\Users\Jujka\Documents\Runtimers\10grade-christmas-luck-runtimers\app\Runtimers\inventory.cpp(51,86): warning C4244: 'initializing': conversion from 'int' to 'float', possible loss of data
C:\Users\Jujka\Documents\Runtimers\10grade-christmas-luck-runtimers\app\Runtimers\inventory.cpp(52,58): warning C4838: conversion from 'int' to 'float' requires a narrowing conversion
C:\Users\Jujka\Documents\Runtimers\10grade-christmas-luck-runtimers\app\Runtimers\inventory.cpp(52,58): warning C4244: 'initializing': conversion from 'int' to 'float', possible loss of data
C:\Users\Jujka\Documents\Runtimers\10grade-christmas-luck-runtimers\app\Runtimers\inventory.cpp(52,87): warning C4838: conversion from 'int' to 'float' requires a narrowing conversion
C:\Users\Jujka\Documents\Runtimers\10grade-christmas-luck-runtimers\app\Runtimers\inventory.cpp(52,87): warning C4244: 'initializing': conversion from 'int' to 'float', possible loss of data
C:\Users\Jujka\Documents\Runtimers\10grade-christmas-luck-runtimers\app\Runtimers\inventory.cpp(53,58): warning C4838: conversion from 'int' to 'float' requires a narrowing conversion
C:\Users\Jujka\Documents\Runtimers\10grade-christmas-luck-runtimers\app\Runtimers\inventory.cpp(53,58): warning C4244: 'initializing': conversion from 'int' to 'float', possible loss of data
C:\Users\Jujka\Documents\Runtimers\10grade-christmas-luck-runtimers\app\Runtimers\inventory.cpp(53,87): warning C4838: conversion from 'int' to 'float' requires a narrowing conversion
C:\Users\Jujka\Documents\Runtimers\10grade-christmas-luck-runtimers\app\Runtimers\inventory.cpp(53,87): warning C4244: 'initializing': conversion from 'int' to 'float', possible loss of data
C:\Users\Jujka\Documents\Runtimers\10grade-christmas-luck-runtimers\app\Runtimers\inventory.cpp(83,75): warning C4244: 'argument': conversion from 'float' to 'int', possible loss of data
C:\Users\Jujka\Documents\Runtimers\10grade-christmas-luck-runtimers\app\Runtimers\inventory.cpp(83,47): warning C4244: 'argument': conversion from 'float' to 'int', possible loss of data
C:\Users\Jujka\Documents\Runtimers\10grade-christmas-luck-runtimers\app\Runtimers\inventory.cpp(107,57): warning C4838: conversion from 'int' to 'float' requires a narrowing conversion
C:\Users\Jujka\Documents\Runtimers\10grade-christmas-luck-runtimers\app\Runtimers\inventory.cpp(107,57): warning C4244: 'initializing': conversion from 'int' to 'float', possible loss of data
C:\Users\Jujka\Documents\Runtimers\10grade-christmas-luck-runtimers\app\Runtimers\inventory.cpp(107,86): warning C4838: conversion from 'int' to 'float' requires a narrowing conversion
C:\Users\Jujka\Documents\Runtimers\10grade-christmas-luck-runtimers\app\Runtimers\inventory.cpp(107,86): warning C4244: 'initializing': conversion from 'int' to 'float', possible loss of data
C:\Users\Jujka\Documents\Runtimers\10grade-christmas-luck-runtimers\app\Runtimers\inventory.cpp(127,75): warning C4244: 'argument': conversion from 'float' to 'int', possible loss of data
C:\Users\Jujka\Documents\Runtimers\10grade-christmas-luck-runtimers\app\Runtimers\inventory.cpp(127,47): warning C4244: 'argument': conversion from 'float' to 'int', possible loss of data
  main.cpp
  Generating code
  4 of 229 functions ( 1.7%) were compiled, the rest were copied from previous compilation.
    2 functions were new in current compilation
    2 functions had inline decision re-evaluated but remain unchanged
  Finished generating code
  Runtimers.vcxproj -> C:\Users\Jujka\Documents\Runtimers\10grade-christmas-luck-runtimers\app\x64\Release\Runtimers.exe
  'pwsh.exe' is not recognized as an internal or external command,
  operable program or batch file.
