c:\users\jujka\desktop\10grade-christmas-luck-runtimers\app\runtimers\x64\debug\vc143.pdb
c:\users\jujka\desktop\10grade-christmas-luck-runtimers\app\runtimers\x64\debug\vc143.idb
c:\users\jujka\desktop\10grade-christmas-luck-runtimers\app\runtimers\x64\debug\main.obj
c:\users\jujka\desktop\10grade-christmas-luck-runtimers\app\runtimers\x64\debug\hallway.obj
c:\users\jujka\desktop\10grade-christmas-luck-runtimers\app\runtimers\x64\debug\archive.obj
c:\users\jujka\desktop\10grade-christmas-luck-runtimers\app\runtimers\x64\debug\inventory.obj
c:\users\jujka\desktop\10grade-christmas-luck-runtimers\app\runtimers\x64\debug\startingscreen.obj
c:\users\jujka\desktop\10grade-christmas-luck-runtimers\app\x64\debug\runtimers.exe
c:\users\jujka\desktop\10grade-christmas-luck-runtimers\app\x64\debug\runtimers.pdb
c:\users\jujka\documents\runtimers\10grade-christmas-luck-runtimers\app\x64\debug\raylib.dll
c:\users\jujka\documents\runtimers\10grade-christmas-luck-runtimers\app\x64\debug\glfw3.dll
c:\users\jujka\desktop\10grade-christmas-luck-runtimers\app\runtimers\x64\debug\runtimers.ilk
c:\users\jujka\desktop\10grade-christmas-luck-runtimers\app\runtimers\x64\debug\source.obj
c:\users\jujka\desktop\10grade-christmas-luck-runtimers\app\runtimers\x64\debug\runtimers.tlog\cl.command.1.tlog
c:\users\jujka\desktop\10grade-christmas-luck-runtimers\app\runtimers\x64\debug\runtimers.tlog\cl.items.tlog
c:\users\jujka\desktop\10grade-christmas-luck-runtimers\app\runtimers\x64\debug\runtimers.tlog\cl.read.1.tlog
c:\users\jujka\desktop\10grade-christmas-luck-runtimers\app\runtimers\x64\debug\runtimers.tlog\cl.write.1.tlog
c:\users\jujka\desktop\10grade-christmas-luck-runtimers\app\runtimers\x64\debug\runtimers.tlog\link.command.1.tlog
c:\users\jujka\desktop\10grade-christmas-luck-runtimers\app\runtimers\x64\debug\runtimers.tlog\link.read.1.tlog
c:\users\jujka\desktop\10grade-christmas-luck-runtimers\app\runtimers\x64\debug\runtimers.tlog\link.secondary.1.tlog
c:\users\jujka\desktop\10grade-christmas-luck-runtimers\app\runtimers\x64\debug\runtimers.tlog\link.write.1.tlog
c:\users\jujka\desktop\10grade-christmas-luck-runtimers\app\runtimers\x64\debug\runtimers.tlog\runtimers.write.1u.tlog
